<?xml version="1.0" encoding="UTF-8"?>
<testsuite name="RunITTest" time="0.011" tests="40" errors="2" skipped="14" failures="0">
  <properties>
[...]
</properties>
  <testcase name="Given User opens warehouse home page" classname="| Apple | GBP_20 | GBP_100 | VODAFONE | GBP_50 | abc@gmail.com | Mr | Dev | Nadh | 9052557770 | Single | 500049 |" time="0.001"/>
  <testcase name="When user clicks on &quot;Shop&quot; menu" classname="| Apple | GBP_20 | GBP_100 | VODAFONE | GBP_50 | abc@gmail.com | Mr | Dev | Nadh | 9052557770 | Single | 500049 |" time="0"/>
  <testcase name="And opens a phones page &quot;All pay monthly phones&quot;" classname="| Apple | GBP_20 | GBP_100 | VODAFONE | GBP_50 | abc@gmail.com | Mr | Dev | Nadh | 9052557770 | Single | 500049 |" time="0"/>
  <testcase name="And selects a brand &quot;Apple&quot;" classname="| Apple | GBP_20 | GBP_100 | VODAFONE | GBP_50 | abc@gmail.com | Mr | Dev | Nadh | 9052557770 | Single | 500049 |" time="0"/>
  <testcase name="And selects upfront cost &quot;GBP_20&quot;" classname="| Apple | GBP_20 | GBP_100 | VODAFONE | GBP_50 | abc@gmail.com | Mr | Dev | Nadh | 9052557770 | Single | 500049 |" time="0.005">
    <error message="unknown error: Element &lt;label for=&quot;sp_q_max_11_20&quot;&gt;...&lt;/label&gt; is not clickable at point (474, 895). Other element would receive the click: &lt;div class=&quot;maskOnFinders&quot; style=&quot;width: 1903px; height: 6504px; display: block;&quot;&gt;&lt;/div&gt;&#10;  (Session info: chrome=71.0.3578.98)&#10;  (Driver info: chromedriver=2.45.615291 (ec3682e3c9061c10f26ea9e5cdcf3c53f3f74387),platform=Windows NT 10.0.17134 x86_64) (WARNING: The server did not provide any stacktrace information)&#10;Command duration or timeout: 0 milliseconds&#10;Build info: version: &apos;3.14.0&apos;, revision: &apos;aacccce0&apos;, time: &apos;2018-08-02T20:19:58.91Z&apos;&#10;System info: host: &apos;L37530WIN&apos;, ip: &apos;10.224.125.26&apos;, os.name: &apos;Windows 10&apos;, os.arch: &apos;amd64&apos;, os.version: &apos;10.0&apos;, java.version: &apos;1.8.0_161&apos;&#10;Driver info: org.openqa.selenium.chrome.ChromeDriver&#10;Capabilities {acceptInsecureCerts: false, acceptSslCerts: false, applicationCacheEnabled: false, browserConnectionEnabled: false, browserName: chrome, chrome: {chromedriverVersion: 2.45.615291 (ec3682e3c9061c..., userDataDir: C:\Users\vempc\AppData\Loca...}, cssSelectorsEnabled: true, databaseEnabled: false, goog:chromeOptions: {debuggerAddress: localhost:62160}, handlesAlerts: true, hasTouchScreen: false, javascriptEnabled: true, locationContextEnabled: true, mobileEmulationEnabled: false, nativeEvents: true, networkConnectionEnabled: false, pageLoadStrategy: normal, platform: XP, platformName: XP, proxy: Proxy(), rotatable: false, setWindowRect: true, strictFileInteractability: false, takesHeapSnapshot: true, takesScreenshot: true, timeouts: {implicit: 0, pageLoad: 300000, script: 30000}, unexpectedAlertBehaviour: ignore, unhandledPromptBehavior: ignore, version: 71.0.3578.98, webStorageEnabled: true}&#10;Session ID: 7aa331059a9915f9c693f6d3821fb5cb" type="org.openqa.selenium.WebDriverException"><![CDATA[org.openqa.selenium.WebDriverException: unknown error: Element <label for="sp_q_max_11_20">...</label> is not clickable at point (474, 895). Other element would receive the click: <div class="maskOnFinders" style="width: 1903px; height: 6504px; display: block;"></div>
  (Session info: chrome=71.0.3578.98)
  (Driver info: chromedriver=2.45.615291 (ec3682e3c9061c10f26ea9e5cdcf3c53f3f74387),platform=Windows NT 10.0.17134 x86_64) (WARNING: The server did not provide any stacktrace information)
Command duration or timeout: 0 milliseconds
Build info: version: '3.14.0', revision: 'aacccce0', time: '2018-08-02T20:19:58.91Z'
System info: host: 'L37530WIN', ip: '10.224.125.26', os.name: 'Windows 10', os.arch: 'amd64', os.version: '10.0', java.version: '1.8.0_161'
Driver info: org.openqa.selenium.chrome.ChromeDriver
Capabilities {acceptInsecureCerts: false, acceptSslCerts: false, applicationCacheEnabled: false, browserConnectionEnabled: false, browserName: chrome, chrome: {chromedriverVersion: 2.45.615291 (ec3682e3c9061c..., userDataDir: C:\Users\vempc\AppData\Loca...}, cssSelectorsEnabled: true, databaseEnabled: false, goog:chromeOptions: {debuggerAddress: localhost:62160}, handlesAlerts: true, hasTouchScreen: false, javascriptEnabled: true, locationContextEnabled: true, mobileEmulationEnabled: false, nativeEvents: true, networkConnectionEnabled: false, pageLoadStrategy: normal, platform: XP, platformName: XP, proxy: Proxy(), rotatable: false, setWindowRect: true, strictFileInteractability: false, takesHeapSnapshot: true, takesScreenshot: true, timeouts: {implicit: 0, pageLoad: 300000, script: 30000}, unexpectedAlertBehaviour: ignore, unhandledPromptBehavior: ignore, version: 71.0.3578.98, webStorageEnabled: true}
Session ID: 7aa331059a9915f9c693f6d3821fb5cb
	at sun.reflect.NativeConstructorAccessorImpl.newInstance0(Native Method)
	at sun.reflect.NativeConstructorAccessorImpl.newInstance(NativeConstructorAccessorImpl.java:62)
	at sun.reflect.DelegatingConstructorAccessorImpl.newInstance(DelegatingConstructorAccessorImpl.java:45)
	at java.lang.reflect.Constructor.newInstance(Constructor.java:423)
	at org.openqa.selenium.remote.ErrorHandler.createThrowable(ErrorHandler.java:214)
	at org.openqa.selenium.remote.ErrorHandler.throwIfResponseFailed(ErrorHandler.java:166)
	at org.openqa.selenium.remote.http.JsonHttpResponseCodec.reconstructValue(JsonHttpResponseCodec.java:40)
	at org.openqa.selenium.remote.http.AbstractHttpResponseCodec.decode(AbstractHttpResponseCodec.java:80)
	at org.openqa.selenium.remote.http.AbstractHttpResponseCodec.decode(AbstractHttpResponseCodec.java:44)
	at org.openqa.selenium.remote.HttpCommandExecutor.execute(HttpCommandExecutor.java:158)
	at org.openqa.selenium.remote.service.DriverCommandExecutor.execute(DriverCommandExecutor.java:83)
	at org.openqa.selenium.remote.RemoteWebDriver.execute(RemoteWebDriver.java:548)
	at org.openqa.selenium.remote.RemoteWebElement.execute(RemoteWebElement.java:276)
	at org.openqa.selenium.remote.RemoteWebElement.click(RemoteWebElement.java:83)
	at com.cpwh.elmt.CPWHElmt.click(CPWHElmt.java:48)
	at com.cpwh.elmt.CPWHElmt.click(CPWHElmt.java:43)
	at com.cpwh.pages.filters.CommonFilters.selectUpfrontCost(CommonFilters.java:30)
	at com.cpwh.test.ValidateBasket.selects_upfront_cost(ValidateBasket.java:72)
	at ✽.And selects upfront cost "GBP_20"(VerifyBasket.feature:10)
]]></error>
  </testcase>
  <testcase name="| Apple | GBP_20 | GBP_100 | VODAFONE | GBP_50 | abc@gmail.com | Mr | Dev | Nadh | 9052557770 | Single | 500049 |" classname="| Apple | GBP_20 | GBP_100 | VODAFONE | GBP_50 | abc@gmail.com | Mr | Dev | Nadh | 9052557770 | Single | 500049 |" time="0.005">
    <error message="unknown error: Element &lt;label for=&quot;sp_q_max_11_20&quot;&gt;...&lt;/label&gt; is not clickable at point (474, 895). Other element would receive the click: &lt;div class=&quot;maskOnFinders&quot; style=&quot;width: 1903px; height: 6504px; display: block;&quot;&gt;&lt;/div&gt;&#10;  (Session info: chrome=71.0.3578.98)&#10;  (Driver info: chromedriver=2.45.615291 (ec3682e3c9061c10f26ea9e5cdcf3c53f3f74387),platform=Windows NT 10.0.17134 x86_64) (WARNING: The server did not provide any stacktrace information)&#10;Command duration or timeout: 0 milliseconds&#10;Build info: version: &apos;3.14.0&apos;, revision: &apos;aacccce0&apos;, time: &apos;2018-08-02T20:19:58.91Z&apos;&#10;System info: host: &apos;L37530WIN&apos;, ip: &apos;10.224.125.26&apos;, os.name: &apos;Windows 10&apos;, os.arch: &apos;amd64&apos;, os.version: &apos;10.0&apos;, java.version: &apos;1.8.0_161&apos;&#10;Driver info: org.openqa.selenium.chrome.ChromeDriver&#10;Capabilities {acceptInsecureCerts: false, acceptSslCerts: false, applicationCacheEnabled: false, browserConnectionEnabled: false, browserName: chrome, chrome: {chromedriverVersion: 2.45.615291 (ec3682e3c9061c..., userDataDir: C:\Users\vempc\AppData\Loca...}, cssSelectorsEnabled: true, databaseEnabled: false, goog:chromeOptions: {debuggerAddress: localhost:62160}, handlesAlerts: true, hasTouchScreen: false, javascriptEnabled: true, locationContextEnabled: true, mobileEmulationEnabled: false, nativeEvents: true, networkConnectionEnabled: false, pageLoadStrategy: normal, platform: XP, platformName: XP, proxy: Proxy(), rotatable: false, setWindowRect: true, strictFileInteractability: false, takesHeapSnapshot: true, takesScreenshot: true, timeouts: {implicit: 0, pageLoad: 300000, script: 30000}, unexpectedAlertBehaviour: ignore, unhandledPromptBehavior: ignore, version: 71.0.3578.98, webStorageEnabled: true}&#10;Session ID: 7aa331059a9915f9c693f6d3821fb5cb" type="org.openqa.selenium.WebDriverException"><![CDATA[org.openqa.selenium.WebDriverException: unknown error: Element <label for="sp_q_max_11_20">...</label> is not clickable at point (474, 895). Other element would receive the click: <div class="maskOnFinders" style="width: 1903px; height: 6504px; display: block;"></div>
  (Session info: chrome=71.0.3578.98)
  (Driver info: chromedriver=2.45.615291 (ec3682e3c9061c10f26ea9e5cdcf3c53f3f74387),platform=Windows NT 10.0.17134 x86_64) (WARNING: The server did not provide any stacktrace information)
Command duration or timeout: 0 milliseconds
Build info: version: '3.14.0', revision: 'aacccce0', time: '2018-08-02T20:19:58.91Z'
System info: host: 'L37530WIN', ip: '10.224.125.26', os.name: 'Windows 10', os.arch: 'amd64', os.version: '10.0', java.version: '1.8.0_161'
Driver info: org.openqa.selenium.chrome.ChromeDriver
Capabilities {acceptInsecureCerts: false, acceptSslCerts: false, applicationCacheEnabled: false, browserConnectionEnabled: false, browserName: chrome, chrome: {chromedriverVersion: 2.45.615291 (ec3682e3c9061c..., userDataDir: C:\Users\vempc\AppData\Loca...}, cssSelectorsEnabled: true, databaseEnabled: false, goog:chromeOptions: {debuggerAddress: localhost:62160}, handlesAlerts: true, hasTouchScreen: false, javascriptEnabled: true, locationContextEnabled: true, mobileEmulationEnabled: false, nativeEvents: true, networkConnectionEnabled: false, pageLoadStrategy: normal, platform: XP, platformName: XP, proxy: Proxy(), rotatable: false, setWindowRect: true, strictFileInteractability: false, takesHeapSnapshot: true, takesScreenshot: true, timeouts: {implicit: 0, pageLoad: 300000, script: 30000}, unexpectedAlertBehaviour: ignore, unhandledPromptBehavior: ignore, version: 71.0.3578.98, webStorageEnabled: true}
Session ID: 7aa331059a9915f9c693f6d3821fb5cb
	at sun.reflect.NativeConstructorAccessorImpl.newInstance0(Native Method)
	at sun.reflect.NativeConstructorAccessorImpl.newInstance(NativeConstructorAccessorImpl.java:62)
	at sun.reflect.DelegatingConstructorAccessorImpl.newInstance(DelegatingConstructorAccessorImpl.java:45)
	at java.lang.reflect.Constructor.newInstance(Constructor.java:423)
	at org.openqa.selenium.remote.ErrorHandler.createThrowable(ErrorHandler.java:214)
	at org.openqa.selenium.remote.ErrorHandler.throwIfResponseFailed(ErrorHandler.java:166)
	at org.openqa.selenium.remote.http.JsonHttpResponseCodec.reconstructValue(JsonHttpResponseCodec.java:40)
	at org.openqa.selenium.remote.http.AbstractHttpResponseCodec.decode(AbstractHttpResponseCodec.java:80)
	at org.openqa.selenium.remote.http.AbstractHttpResponseCodec.decode(AbstractHttpResponseCodec.java:44)
	at org.openqa.selenium.remote.HttpCommandExecutor.execute(HttpCommandExecutor.java:158)
	at org.openqa.selenium.remote.service.DriverCommandExecutor.execute(DriverCommandExecutor.java:83)
	at org.openqa.selenium.remote.RemoteWebDriver.execute(RemoteWebDriver.java:548)
	at org.openqa.selenium.remote.RemoteWebElement.execute(RemoteWebElement.java:276)
	at org.openqa.selenium.remote.RemoteWebElement.click(RemoteWebElement.java:83)
	at com.cpwh.elmt.CPWHElmt.click(CPWHElmt.java:48)
	at com.cpwh.elmt.CPWHElmt.click(CPWHElmt.java:43)
	at com.cpwh.pages.filters.CommonFilters.selectUpfrontCost(CommonFilters.java:30)
	at com.cpwh.test.ValidateBasket.selects_upfront_cost(ValidateBasket.java:72)
	at ✽.And selects upfront cost "GBP_20"(VerifyBasket.feature:10)
]]></error>
  </testcase>
  <testcase name="And selects monthly cost &quot;GBP_100&quot;" classname="| Apple | GBP_20 | GBP_100 | VODAFONE | GBP_50 | abc@gmail.com | Mr | Dev | Nadh | 9052557770 | Single | 500049 |" time="0">
    <skipped/>
  </testcase>
  <testcase name="And selects first phone in the search results" classname="| Apple | GBP_20 | GBP_100 | VODAFONE | GBP_50 | abc@gmail.com | Mr | Dev | Nadh | 9052557770 | Single | 500049 |" time="0">
    <skipped/>
  </testcase>
  <testcase name="And clicks on View deals" classname="| Apple | GBP_20 | GBP_100 | VODAFONE | GBP_50 | abc@gmail.com | Mr | Dev | Nadh | 9052557770 | Single | 500049 |" time="0">
    <skipped/>
  </testcase>
  <testcase name="And selects Cheapest total cost from Filter Plans" classname="| Apple | GBP_20 | GBP_100 | VODAFONE | GBP_50 | abc@gmail.com | Mr | Dev | Nadh | 9052557770 | Single | 500049 |" time="0">
    <skipped/>
  </testcase>
  <testcase name="And selects Network as &quot;VODAFONE&quot;" classname="| Apple | GBP_20 | GBP_100 | VODAFONE | GBP_50 | abc@gmail.com | Mr | Dev | Nadh | 9052557770 | Single | 500049 |" time="0">
    <skipped/>
  </testcase>
  <testcase name="And adds first plan to basket" classname="| Apple | GBP_20 | GBP_100 | VODAFONE | GBP_50 | abc@gmail.com | Mr | Dev | Nadh | 9052557770 | Single | 500049 |" time="0">
    <skipped/>
  </testcase>
  <testcase name="And adds first accessory to basket from Choose your Extras" classname="| Apple | GBP_20 | GBP_100 | VODAFONE | GBP_50 | abc@gmail.com | Mr | Dev | Nadh | 9052557770 | Single | 500049 |" time="0">
    <skipped/>
  </testcase>
  <testcase name="And clicks on Continue to bakset" classname="| Apple | GBP_20 | GBP_100 | VODAFONE | GBP_50 | abc@gmail.com | Mr | Dev | Nadh | 9052557770 | Single | 500049 |" time="0">
    <skipped/>
  </testcase>
  <testcase name="And clicks on Go to checkout" classname="| Apple | GBP_20 | GBP_100 | VODAFONE | GBP_50 | abc@gmail.com | Mr | Dev | Nadh | 9052557770 | Single | 500049 |" time="0">
    <skipped/>
  </testcase>
  <testcase name="And selects &quot;GBP_50&quot; monthly cap" classname="| Apple | GBP_20 | GBP_100 | VODAFONE | GBP_50 | abc@gmail.com | Mr | Dev | Nadh | 9052557770 | Single | 500049 |" time="0">
    <skipped/>
  </testcase>
  <testcase name="And clicks on Continue to checkout" classname="| Apple | GBP_20 | GBP_100 | VODAFONE | GBP_50 | abc@gmail.com | Mr | Dev | Nadh | 9052557770 | Single | 500049 |" time="0">
    <skipped/>
  </testcase>
  <testcase name="And fills the details in About You section &quot;abc@gmail.com&quot; &quot;Mr&quot; &quot;Dev&quot; &quot;Nadh&quot; &quot;9052557770&quot; &quot;Single&quot;" classname="| Apple | GBP_20 | GBP_100 | VODAFONE | GBP_50 | abc@gmail.com | Mr | Dev | Nadh | 9052557770 | Single | 500049 |" time="0">
    <skipped/>
  </testcase>
  <testcase name="And sets pincode &quot;500049&quot;" classname="| Apple | GBP_20 | GBP_100 | VODAFONE | GBP_50 | abc@gmail.com | Mr | Dev | Nadh | 9052557770 | Single | 500049 |" time="0">
    <skipped/>
  </testcase>
  <testcase name="And clicks on Continue to delivery" classname="| Apple | GBP_20 | GBP_100 | VODAFONE | GBP_50 | abc@gmail.com | Mr | Dev | Nadh | 9052557770 | Single | 500049 |" time="0">
    <skipped/>
  </testcase>
  <testcase name="Given User opens warehouse home page" classname="| Samsung | GBP_20 | GBP_50 | VODAFONE | GBP_50 | abc@gmail.com | Mr | Dev | Nadh | 9100826115 | Single | 500049 |" time="0"/>
  <testcase name="When user clicks on &quot;Shop&quot; menu" classname="| Samsung | GBP_20 | GBP_50 | VODAFONE | GBP_50 | abc@gmail.com | Mr | Dev | Nadh | 9100826115 | Single | 500049 |" time="0"/>
  <testcase name="And opens a phones page &quot;All pay monthly phones&quot;" classname="| Samsung | GBP_20 | GBP_50 | VODAFONE | GBP_50 | abc@gmail.com | Mr | Dev | Nadh | 9100826115 | Single | 500049 |" time="0"/>
  <testcase name="And selects a brand &quot;Samsung&quot;" classname="| Samsung | GBP_20 | GBP_50 | VODAFONE | GBP_50 | abc@gmail.com | Mr | Dev | Nadh | 9100826115 | Single | 500049 |" time="0"/>
  <testcase name="And selects upfront cost &quot;GBP_20&quot;" classname="| Samsung | GBP_20 | GBP_50 | VODAFONE | GBP_50 | abc@gmail.com | Mr | Dev | Nadh | 9100826115 | Single | 500049 |" time="0"/>
  <testcase name="And selects monthly cost &quot;GBP_50&quot;" classname="| Samsung | GBP_20 | GBP_50 | VODAFONE | GBP_50 | abc@gmail.com | Mr | Dev | Nadh | 9100826115 | Single | 500049 |" time="0"/>
  <testcase name="And selects first phone in the search results" classname="| Samsung | GBP_20 | GBP_50 | VODAFONE | GBP_50 | abc@gmail.com | Mr | Dev | Nadh | 9100826115 | Single | 500049 |" time="0"/>
  <testcase name="And clicks on View deals" classname="| Samsung | GBP_20 | GBP_50 | VODAFONE | GBP_50 | abc@gmail.com | Mr | Dev | Nadh | 9100826115 | Single | 500049 |" time="0"/>
  <testcase name="And selects Cheapest total cost from Filter Plans" classname="| Samsung | GBP_20 | GBP_50 | VODAFONE | GBP_50 | abc@gmail.com | Mr | Dev | Nadh | 9100826115 | Single | 500049 |" time="0"/>
  <testcase name="And selects Network as &quot;VODAFONE&quot;" classname="| Samsung | GBP_20 | GBP_50 | VODAFONE | GBP_50 | abc@gmail.com | Mr | Dev | Nadh | 9100826115 | Single | 500049 |" time="0"/>
  <testcase name="And adds first plan to basket" classname="| Samsung | GBP_20 | GBP_50 | VODAFONE | GBP_50 | abc@gmail.com | Mr | Dev | Nadh | 9100826115 | Single | 500049 |" time="0"/>
  <testcase name="And adds first accessory to basket from Choose your Extras" classname="| Samsung | GBP_20 | GBP_50 | VODAFONE | GBP_50 | abc@gmail.com | Mr | Dev | Nadh | 9100826115 | Single | 500049 |" time="0"/>
  <testcase name="And clicks on Continue to bakset" classname="| Samsung | GBP_20 | GBP_50 | VODAFONE | GBP_50 | abc@gmail.com | Mr | Dev | Nadh | 9100826115 | Single | 500049 |" time="0"/>
  <testcase name="And clicks on Go to checkout" classname="| Samsung | GBP_20 | GBP_50 | VODAFONE | GBP_50 | abc@gmail.com | Mr | Dev | Nadh | 9100826115 | Single | 500049 |" time="0"/>
  <testcase name="And selects &quot;GBP_50&quot; monthly cap" classname="| Samsung | GBP_20 | GBP_50 | VODAFONE | GBP_50 | abc@gmail.com | Mr | Dev | Nadh | 9100826115 | Single | 500049 |" time="0"/>
  <testcase name="And clicks on Continue to checkout" classname="| Samsung | GBP_20 | GBP_50 | VODAFONE | GBP_50 | abc@gmail.com | Mr | Dev | Nadh | 9100826115 | Single | 500049 |" time="0"/>
  <testcase name="And fills the details in About You section &quot;abc@gmail.com&quot; &quot;Mr&quot; &quot;Dev&quot; &quot;Nadh&quot; &quot;9100826115&quot; &quot;Single&quot;" classname="| Samsung | GBP_20 | GBP_50 | VODAFONE | GBP_50 | abc@gmail.com | Mr | Dev | Nadh | 9100826115 | Single | 500049 |" time="0"/>
  <testcase name="And sets pincode &quot;500049&quot;" classname="| Samsung | GBP_20 | GBP_50 | VODAFONE | GBP_50 | abc@gmail.com | Mr | Dev | Nadh | 9100826115 | Single | 500049 |" time="0"/>
  <testcase name="And clicks on Continue to delivery" classname="| Samsung | GBP_20 | GBP_50 | VODAFONE | GBP_50 | abc@gmail.com | Mr | Dev | Nadh | 9100826115 | Single | 500049 |" time="0"/>
  <testcase name="| Samsung | GBP_20 | GBP_50 | VODAFONE | GBP_50 | abc@gmail.com | Mr | Dev | Nadh | 9100826115 | Single | 500049 |" classname="| Samsung | GBP_20 | GBP_50 | VODAFONE | GBP_50 | abc@gmail.com | Mr | Dev | Nadh | 9100826115 | Single | 500049 |" time="0"/>
</testsuite>